2025-08-18 21:24:59.091 [main] ERROR org.springframework.boot.SpringApplication - Application run failed
java.lang.IllegalArgumentException: Invalid value type for attribute 'factoryBeanObjectType': java.lang.String
	at org.springframework.beans.factory.support.FactoryBeanRegistrySupport.getTypeForFactoryBeanFromAttributes(FactoryBeanRegistrySupport.java:86)
	at org.springframework.beans.factory.support.AbstractAutowireCapableBeanFactory.getTypeForFactoryBean(AbstractAutowireCapableBeanFactory.java:836)
	at org.springframework.beans.factory.support.AbstractBeanFactory.isTypeMatch(AbstractBeanFactory.java:620)
	at org.springframework.beans.factory.support.DefaultListableBeanFactory.doGetBeanNamesForType(DefaultListableBeanFactory.java:575)
	at org.springframework.beans.factory.support.DefaultListableBeanFactory.getBeanNamesForType(DefaultListableBeanFactory.java:534)
	at org.springframework.context.support.PostProcessorRegistrationDelegate.invokeBeanFactoryPostProcessors(PostProcessorRegistrationDelegate.java:138)
	at org.springframework.context.support.AbstractApplicationContext.invokeBeanFactoryPostProcessors(AbstractApplicationContext.java:788)
	at org.springframework.context.support.AbstractApplicationContext.refresh(AbstractApplicationContext.java:606)
	at org.springframework.boot.web.servlet.context.ServletWebServerApplicationContext.refresh(ServletWebServerApplicationContext.java:146)
	at org.springframework.boot.SpringApplication.refresh(SpringApplication.java:754)
	at org.springframework.boot.SpringApplication.refreshContext(SpringApplication.java:456)
	at org.springframework.boot.SpringApplication.run(SpringApplication.java:334)
	at org.springframework.boot.SpringApplication.run(SpringApplication.java:1354)
	at org.springframework.boot.SpringApplication.run(SpringApplication.java:1343)
	at com.gig.collide.CollideAllApplication.main(CollideAllApplication.java:28)
2025-08-18 21:27:48.728 [main] ERROR org.springframework.boot.SpringApplication - Application run failed
java.lang.IllegalArgumentException: Invalid value type for attribute 'factoryBeanObjectType': java.lang.String
	at org.springframework.beans.factory.support.FactoryBeanRegistrySupport.getTypeForFactoryBeanFromAttributes(FactoryBeanRegistrySupport.java:86)
	at org.springframework.beans.factory.support.AbstractAutowireCapableBeanFactory.getTypeForFactoryBean(AbstractAutowireCapableBeanFactory.java:836)
	at org.springframework.beans.factory.support.AbstractBeanFactory.isTypeMatch(AbstractBeanFactory.java:620)
	at org.springframework.beans.factory.support.DefaultListableBeanFactory.doGetBeanNamesForType(DefaultListableBeanFactory.java:575)
	at org.springframework.beans.factory.support.DefaultListableBeanFactory.getBeanNamesForType(DefaultListableBeanFactory.java:534)
	at org.springframework.context.support.PostProcessorRegistrationDelegate.invokeBeanFactoryPostProcessors(PostProcessorRegistrationDelegate.java:138)
	at org.springframework.context.support.AbstractApplicationContext.invokeBeanFactoryPostProcessors(AbstractApplicationContext.java:788)
	at org.springframework.context.support.AbstractApplicationContext.refresh(AbstractApplicationContext.java:606)
	at org.springframework.boot.web.servlet.context.ServletWebServerApplicationContext.refresh(ServletWebServerApplicationContext.java:146)
	at org.springframework.boot.SpringApplication.refresh(SpringApplication.java:754)
	at org.springframework.boot.SpringApplication.refreshContext(SpringApplication.java:456)
	at org.springframework.boot.SpringApplication.run(SpringApplication.java:334)
	at org.springframework.boot.SpringApplication.run(SpringApplication.java:1354)
	at org.springframework.boot.SpringApplication.run(SpringApplication.java:1343)
	at com.gig.collide.CollideAllApplication.main(CollideAllApplication.java:28)
2025-08-18 21:29:00.499 [main] ERROR org.springframework.boot.SpringApplication - Application run failed
java.lang.IllegalArgumentException: Invalid value type for attribute 'factoryBeanObjectType': java.lang.String
	at org.springframework.beans.factory.support.FactoryBeanRegistrySupport.getTypeForFactoryBeanFromAttributes(FactoryBeanRegistrySupport.java:86)
	at org.springframework.beans.factory.support.AbstractAutowireCapableBeanFactory.getTypeForFactoryBean(AbstractAutowireCapableBeanFactory.java:836)
	at org.springframework.beans.factory.support.AbstractBeanFactory.isTypeMatch(AbstractBeanFactory.java:620)
	at org.springframework.beans.factory.support.DefaultListableBeanFactory.doGetBeanNamesForType(DefaultListableBeanFactory.java:575)
	at org.springframework.beans.factory.support.DefaultListableBeanFactory.getBeanNamesForType(DefaultListableBeanFactory.java:534)
	at org.springframework.context.support.PostProcessorRegistrationDelegate.invokeBeanFactoryPostProcessors(PostProcessorRegistrationDelegate.java:138)
	at org.springframework.context.support.AbstractApplicationContext.invokeBeanFactoryPostProcessors(AbstractApplicationContext.java:788)
	at org.springframework.context.support.AbstractApplicationContext.refresh(AbstractApplicationContext.java:606)
	at org.springframework.boot.web.servlet.context.ServletWebServerApplicationContext.refresh(ServletWebServerApplicationContext.java:146)
	at org.springframework.boot.SpringApplication.refresh(SpringApplication.java:754)
	at org.springframework.boot.SpringApplication.refreshContext(SpringApplication.java:456)
	at org.springframework.boot.SpringApplication.run(SpringApplication.java:334)
	at org.springframework.boot.SpringApplication.run(SpringApplication.java:1354)
	at org.springframework.boot.SpringApplication.run(SpringApplication.java:1343)
	at com.gig.collide.CollideAllApplication.main(CollideAllApplication.java:28)
2025-08-18 21:29:46.740 [main] ERROR org.springframework.boot.SpringApplication - Application run failed
java.lang.IllegalArgumentException: Invalid value type for attribute 'factoryBeanObjectType': java.lang.String
	at org.springframework.beans.factory.support.FactoryBeanRegistrySupport.getTypeForFactoryBeanFromAttributes(FactoryBeanRegistrySupport.java:86)
	at org.springframework.beans.factory.support.AbstractAutowireCapableBeanFactory.getTypeForFactoryBean(AbstractAutowireCapableBeanFactory.java:836)
	at org.springframework.beans.factory.support.AbstractBeanFactory.isTypeMatch(AbstractBeanFactory.java:620)
	at org.springframework.beans.factory.support.DefaultListableBeanFactory.doGetBeanNamesForType(DefaultListableBeanFactory.java:575)
	at org.springframework.beans.factory.support.DefaultListableBeanFactory.getBeanNamesForType(DefaultListableBeanFactory.java:534)
	at org.springframework.context.support.PostProcessorRegistrationDelegate.invokeBeanFactoryPostProcessors(PostProcessorRegistrationDelegate.java:138)
	at org.springframework.context.support.AbstractApplicationContext.invokeBeanFactoryPostProcessors(AbstractApplicationContext.java:788)
	at org.springframework.context.support.AbstractApplicationContext.refresh(AbstractApplicationContext.java:606)
	at org.springframework.boot.web.servlet.context.ServletWebServerApplicationContext.refresh(ServletWebServerApplicationContext.java:146)
	at org.springframework.boot.SpringApplication.refresh(SpringApplication.java:754)
	at org.springframework.boot.SpringApplication.refreshContext(SpringApplication.java:456)
	at org.springframework.boot.SpringApplication.run(SpringApplication.java:334)
	at org.springframework.boot.SpringApplication.run(SpringApplication.java:1354)
	at org.springframework.boot.SpringApplication.run(SpringApplication.java:1343)
	at com.gig.collide.CollideAllApplication.main(CollideAllApplication.java:28)
2025-08-18 21:32:21.688 [main] ERROR org.springframework.boot.SpringApplication - Application run failed
java.lang.IllegalArgumentException: Invalid value type for attribute 'factoryBeanObjectType': java.lang.String
	at org.springframework.beans.factory.support.FactoryBeanRegistrySupport.getTypeForFactoryBeanFromAttributes(FactoryBeanRegistrySupport.java:86)
	at org.springframework.beans.factory.support.AbstractAutowireCapableBeanFactory.getTypeForFactoryBean(AbstractAutowireCapableBeanFactory.java:836)
	at org.springframework.beans.factory.support.AbstractBeanFactory.isTypeMatch(AbstractBeanFactory.java:620)
	at org.springframework.beans.factory.support.DefaultListableBeanFactory.doGetBeanNamesForType(DefaultListableBeanFactory.java:575)
	at org.springframework.beans.factory.support.DefaultListableBeanFactory.getBeanNamesForType(DefaultListableBeanFactory.java:534)
	at org.springframework.context.support.PostProcessorRegistrationDelegate.invokeBeanFactoryPostProcessors(PostProcessorRegistrationDelegate.java:138)
	at org.springframework.context.support.AbstractApplicationContext.invokeBeanFactoryPostProcessors(AbstractApplicationContext.java:788)
	at org.springframework.context.support.AbstractApplicationContext.refresh(AbstractApplicationContext.java:606)
	at org.springframework.boot.web.servlet.context.ServletWebServerApplicationContext.refresh(ServletWebServerApplicationContext.java:146)
	at org.springframework.boot.SpringApplication.refresh(SpringApplication.java:754)
	at org.springframework.boot.SpringApplication.refreshContext(SpringApplication.java:456)
	at org.springframework.boot.SpringApplication.run(SpringApplication.java:334)
	at org.springframework.boot.SpringApplication.run(SpringApplication.java:1354)
	at org.springframework.boot.SpringApplication.run(SpringApplication.java:1343)
	at com.gig.collide.CollideAllApplication.main(CollideAllApplication.java:28)
2025-08-18 21:32:49.135 [main] ERROR org.springframework.boot.SpringApplication - Application run failed
java.lang.IllegalArgumentException: Invalid value type for attribute 'factoryBeanObjectType': java.lang.String
	at org.springframework.beans.factory.support.FactoryBeanRegistrySupport.getTypeForFactoryBeanFromAttributes(FactoryBeanRegistrySupport.java:86)
	at org.springframework.beans.factory.support.AbstractAutowireCapableBeanFactory.getTypeForFactoryBean(AbstractAutowireCapableBeanFactory.java:836)
	at org.springframework.beans.factory.support.AbstractBeanFactory.isTypeMatch(AbstractBeanFactory.java:620)
	at org.springframework.beans.factory.support.DefaultListableBeanFactory.doGetBeanNamesForType(DefaultListableBeanFactory.java:575)
	at org.springframework.beans.factory.support.DefaultListableBeanFactory.getBeanNamesForType(DefaultListableBeanFactory.java:534)
	at org.springframework.context.support.PostProcessorRegistrationDelegate.invokeBeanFactoryPostProcessors(PostProcessorRegistrationDelegate.java:138)
	at org.springframework.context.support.AbstractApplicationContext.invokeBeanFactoryPostProcessors(AbstractApplicationContext.java:788)
	at org.springframework.context.support.AbstractApplicationContext.refresh(AbstractApplicationContext.java:606)
	at org.springframework.boot.web.servlet.context.ServletWebServerApplicationContext.refresh(ServletWebServerApplicationContext.java:146)
	at org.springframework.boot.SpringApplication.refresh(SpringApplication.java:754)
	at org.springframework.boot.SpringApplication.refreshContext(SpringApplication.java:456)
	at org.springframework.boot.SpringApplication.run(SpringApplication.java:334)
	at org.springframework.boot.SpringApplication.run(SpringApplication.java:1354)
	at org.springframework.boot.SpringApplication.run(SpringApplication.java:1343)
	at com.gig.collide.CollideAllApplication.main(CollideAllApplication.java:28)
2025-08-18 21:54:12.967 [main] ERROR org.springframework.boot.SpringApplication - Application run failed
java.lang.IllegalArgumentException: Invalid value type for attribute 'factoryBeanObjectType': java.lang.String
	at org.springframework.beans.factory.support.FactoryBeanRegistrySupport.getTypeForFactoryBeanFromAttributes(FactoryBeanRegistrySupport.java:86)
	at org.springframework.beans.factory.support.AbstractAutowireCapableBeanFactory.getTypeForFactoryBean(AbstractAutowireCapableBeanFactory.java:836)
	at org.springframework.beans.factory.support.AbstractBeanFactory.isTypeMatch(AbstractBeanFactory.java:620)
	at org.springframework.beans.factory.support.DefaultListableBeanFactory.doGetBeanNamesForType(DefaultListableBeanFactory.java:575)
	at org.springframework.beans.factory.support.DefaultListableBeanFactory.getBeanNamesForType(DefaultListableBeanFactory.java:534)
	at org.springframework.context.support.PostProcessorRegistrationDelegate.invokeBeanFactoryPostProcessors(PostProcessorRegistrationDelegate.java:138)
	at org.springframework.context.support.AbstractApplicationContext.invokeBeanFactoryPostProcessors(AbstractApplicationContext.java:788)
	at org.springframework.context.support.AbstractApplicationContext.refresh(AbstractApplicationContext.java:606)
	at org.springframework.boot.web.servlet.context.ServletWebServerApplicationContext.refresh(ServletWebServerApplicationContext.java:146)
	at org.springframework.boot.SpringApplication.refresh(SpringApplication.java:754)
	at org.springframework.boot.SpringApplication.refreshContext(SpringApplication.java:456)
	at org.springframework.boot.SpringApplication.run(SpringApplication.java:334)
	at org.springframework.boot.SpringApplication.run(SpringApplication.java:1354)
	at org.springframework.boot.SpringApplication.run(SpringApplication.java:1343)
	at com.gig.collide.CollideAllApplication.main(CollideAllApplication.java:28)
2025-08-18 21:57:19.408 [main] ERROR org.springframework.boot.SpringApplication - Application run failed
java.lang.IllegalArgumentException: Invalid value type for attribute 'factoryBeanObjectType': java.lang.String
	at org.springframework.beans.factory.support.FactoryBeanRegistrySupport.getTypeForFactoryBeanFromAttributes(FactoryBeanRegistrySupport.java:86)
	at org.springframework.beans.factory.support.AbstractAutowireCapableBeanFactory.getTypeForFactoryBean(AbstractAutowireCapableBeanFactory.java:836)
	at org.springframework.beans.factory.support.AbstractBeanFactory.isTypeMatch(AbstractBeanFactory.java:620)
	at org.springframework.beans.factory.support.DefaultListableBeanFactory.doGetBeanNamesForType(DefaultListableBeanFactory.java:575)
	at org.springframework.beans.factory.support.DefaultListableBeanFactory.getBeanNamesForType(DefaultListableBeanFactory.java:534)
	at org.springframework.context.support.PostProcessorRegistrationDelegate.invokeBeanFactoryPostProcessors(PostProcessorRegistrationDelegate.java:138)
	at org.springframework.context.support.AbstractApplicationContext.invokeBeanFactoryPostProcessors(AbstractApplicationContext.java:788)
	at org.springframework.context.support.AbstractApplicationContext.refresh(AbstractApplicationContext.java:606)
	at org.springframework.boot.web.servlet.context.ServletWebServerApplicationContext.refresh(ServletWebServerApplicationContext.java:146)
	at org.springframework.boot.SpringApplication.refresh(SpringApplication.java:754)
	at org.springframework.boot.SpringApplication.refreshContext(SpringApplication.java:456)
	at org.springframework.boot.SpringApplication.run(SpringApplication.java:334)
	at org.springframework.boot.SpringApplication.run(SpringApplication.java:1354)
	at org.springframework.boot.SpringApplication.run(SpringApplication.java:1343)
	at com.gig.collide.CollideAllApplication.main(CollideAllApplication.java:28)
2025-08-18 21:58:27.776 [main] ERROR org.springframework.boot.SpringApplication - Application run failed
java.lang.IllegalArgumentException: Invalid value type for attribute 'factoryBeanObjectType': java.lang.String
	at org.springframework.beans.factory.support.FactoryBeanRegistrySupport.getTypeForFactoryBeanFromAttributes(FactoryBeanRegistrySupport.java:86)
	at org.springframework.beans.factory.support.AbstractAutowireCapableBeanFactory.getTypeForFactoryBean(AbstractAutowireCapableBeanFactory.java:836)
	at org.springframework.beans.factory.support.AbstractBeanFactory.isTypeMatch(AbstractBeanFactory.java:620)
	at org.springframework.beans.factory.support.DefaultListableBeanFactory.doGetBeanNamesForType(DefaultListableBeanFactory.java:575)
	at org.springframework.beans.factory.support.DefaultListableBeanFactory.getBeanNamesForType(DefaultListableBeanFactory.java:534)
	at org.springframework.context.support.PostProcessorRegistrationDelegate.invokeBeanFactoryPostProcessors(PostProcessorRegistrationDelegate.java:138)
	at org.springframework.context.support.AbstractApplicationContext.invokeBeanFactoryPostProcessors(AbstractApplicationContext.java:788)
	at org.springframework.context.support.AbstractApplicationContext.refresh(AbstractApplicationContext.java:606)
	at org.springframework.boot.web.servlet.context.ServletWebServerApplicationContext.refresh(ServletWebServerApplicationContext.java:146)
	at org.springframework.boot.SpringApplication.refresh(SpringApplication.java:754)
	at org.springframework.boot.SpringApplication.refreshContext(SpringApplication.java:456)
	at org.springframework.boot.SpringApplication.run(SpringApplication.java:334)
	at org.springframework.boot.SpringApplication.run(SpringApplication.java:1354)
	at org.springframework.boot.SpringApplication.run(SpringApplication.java:1343)
	at com.gig.collide.CollideAllApplication.main(CollideAllApplication.java:28)
2025-08-18 22:00:37.428 [main] ERROR org.springframework.boot.SpringApplication - Application run failed
java.lang.IllegalArgumentException: Invalid value type for attribute 'factoryBeanObjectType': java.lang.String
	at org.springframework.beans.factory.support.FactoryBeanRegistrySupport.getTypeForFactoryBeanFromAttributes(FactoryBeanRegistrySupport.java:86)
	at org.springframework.beans.factory.support.AbstractAutowireCapableBeanFactory.getTypeForFactoryBean(AbstractAutowireCapableBeanFactory.java:836)
	at org.springframework.beans.factory.support.AbstractBeanFactory.isTypeMatch(AbstractBeanFactory.java:620)
	at org.springframework.beans.factory.support.DefaultListableBeanFactory.doGetBeanNamesForType(DefaultListableBeanFactory.java:575)
	at org.springframework.beans.factory.support.DefaultListableBeanFactory.getBeanNamesForType(DefaultListableBeanFactory.java:534)
	at org.springframework.context.support.PostProcessorRegistrationDelegate.invokeBeanFactoryPostProcessors(PostProcessorRegistrationDelegate.java:138)
	at org.springframework.context.support.AbstractApplicationContext.invokeBeanFactoryPostProcessors(AbstractApplicationContext.java:788)
	at org.springframework.context.support.AbstractApplicationContext.refresh(AbstractApplicationContext.java:606)
	at org.springframework.boot.web.servlet.context.ServletWebServerApplicationContext.refresh(ServletWebServerApplicationContext.java:146)
	at org.springframework.boot.SpringApplication.refresh(SpringApplication.java:754)
	at org.springframework.boot.SpringApplication.refreshContext(SpringApplication.java:456)
	at org.springframework.boot.SpringApplication.run(SpringApplication.java:334)
	at org.springframework.boot.SpringApplication.run(SpringApplication.java:1354)
	at org.springframework.boot.SpringApplication.run(SpringApplication.java:1343)
	at com.gig.collide.CollideAllApplication.main(CollideAllApplication.java:28)
2025-08-18 22:01:02.503 [main] ERROR org.springframework.boot.SpringApplication - Application run failed
java.lang.IllegalArgumentException: Invalid value type for attribute 'factoryBeanObjectType': java.lang.String
	at org.springframework.beans.factory.support.FactoryBeanRegistrySupport.getTypeForFactoryBeanFromAttributes(FactoryBeanRegistrySupport.java:86)
	at org.springframework.beans.factory.support.AbstractAutowireCapableBeanFactory.getTypeForFactoryBean(AbstractAutowireCapableBeanFactory.java:836)
	at org.springframework.beans.factory.support.AbstractBeanFactory.isTypeMatch(AbstractBeanFactory.java:620)
	at org.springframework.beans.factory.support.DefaultListableBeanFactory.doGetBeanNamesForType(DefaultListableBeanFactory.java:575)
	at org.springframework.beans.factory.support.DefaultListableBeanFactory.getBeanNamesForType(DefaultListableBeanFactory.java:534)
	at org.springframework.context.support.PostProcessorRegistrationDelegate.invokeBeanFactoryPostProcessors(PostProcessorRegistrationDelegate.java:138)
	at org.springframework.context.support.AbstractApplicationContext.invokeBeanFactoryPostProcessors(AbstractApplicationContext.java:788)
	at org.springframework.context.support.AbstractApplicationContext.refresh(AbstractApplicationContext.java:606)
	at org.springframework.boot.web.servlet.context.ServletWebServerApplicationContext.refresh(ServletWebServerApplicationContext.java:146)
	at org.springframework.boot.SpringApplication.refresh(SpringApplication.java:754)
	at org.springframework.boot.SpringApplication.refreshContext(SpringApplication.java:456)
	at org.springframework.boot.SpringApplication.run(SpringApplication.java:334)
	at org.springframework.boot.SpringApplication.run(SpringApplication.java:1354)
	at org.springframework.boot.SpringApplication.run(SpringApplication.java:1343)
	at com.gig.collide.CollideAllApplication.main(CollideAllApplication.java:28)
2025-08-18 22:01:24.426 [main] ERROR org.springframework.boot.SpringApplication - Application run failed
java.lang.IllegalArgumentException: Invalid value type for attribute 'factoryBeanObjectType': java.lang.String
	at org.springframework.beans.factory.support.FactoryBeanRegistrySupport.getTypeForFactoryBeanFromAttributes(FactoryBeanRegistrySupport.java:86)
	at org.springframework.beans.factory.support.AbstractAutowireCapableBeanFactory.getTypeForFactoryBean(AbstractAutowireCapableBeanFactory.java:836)
	at org.springframework.beans.factory.support.AbstractBeanFactory.isTypeMatch(AbstractBeanFactory.java:620)
	at org.springframework.beans.factory.support.DefaultListableBeanFactory.doGetBeanNamesForType(DefaultListableBeanFactory.java:575)
	at org.springframework.beans.factory.support.DefaultListableBeanFactory.getBeanNamesForType(DefaultListableBeanFactory.java:534)
	at org.springframework.context.support.PostProcessorRegistrationDelegate.invokeBeanFactoryPostProcessors(PostProcessorRegistrationDelegate.java:138)
	at org.springframework.context.support.AbstractApplicationContext.invokeBeanFactoryPostProcessors(AbstractApplicationContext.java:788)
	at org.springframework.context.support.AbstractApplicationContext.refresh(AbstractApplicationContext.java:606)
	at org.springframework.boot.web.servlet.context.ServletWebServerApplicationContext.refresh(ServletWebServerApplicationContext.java:146)
	at org.springframework.boot.SpringApplication.refresh(SpringApplication.java:754)
	at org.springframework.boot.SpringApplication.refreshContext(SpringApplication.java:456)
	at org.springframework.boot.SpringApplication.run(SpringApplication.java:334)
	at org.springframework.boot.SpringApplication.run(SpringApplication.java:1354)
	at org.springframework.boot.SpringApplication.run(SpringApplication.java:1343)
	at com.gig.collide.CollideAllApplication.main(CollideAllApplication.java:28)
2025-08-18 22:02:34.834 [main] ERROR org.springframework.boot.SpringApplication - Application run failed
java.lang.IllegalArgumentException: Invalid value type for attribute 'factoryBeanObjectType': java.lang.String
	at org.springframework.beans.factory.support.FactoryBeanRegistrySupport.getTypeForFactoryBeanFromAttributes(FactoryBeanRegistrySupport.java:86)
	at org.springframework.beans.factory.support.AbstractAutowireCapableBeanFactory.getTypeForFactoryBean(AbstractAutowireCapableBeanFactory.java:836)
	at org.springframework.beans.factory.support.AbstractBeanFactory.isTypeMatch(AbstractBeanFactory.java:620)
	at org.springframework.beans.factory.support.DefaultListableBeanFactory.doGetBeanNamesForType(DefaultListableBeanFactory.java:575)
	at org.springframework.beans.factory.support.DefaultListableBeanFactory.getBeanNamesForType(DefaultListableBeanFactory.java:534)
	at org.springframework.context.support.PostProcessorRegistrationDelegate.invokeBeanFactoryPostProcessors(PostProcessorRegistrationDelegate.java:138)
	at org.springframework.context.support.AbstractApplicationContext.invokeBeanFactoryPostProcessors(AbstractApplicationContext.java:788)
	at org.springframework.context.support.AbstractApplicationContext.refresh(AbstractApplicationContext.java:606)
	at org.springframework.boot.web.servlet.context.ServletWebServerApplicationContext.refresh(ServletWebServerApplicationContext.java:146)
	at org.springframework.boot.SpringApplication.refresh(SpringApplication.java:754)
	at org.springframework.boot.SpringApplication.refreshContext(SpringApplication.java:456)
	at org.springframework.boot.SpringApplication.run(SpringApplication.java:334)
	at org.springframework.boot.SpringApplication.run(SpringApplication.java:1354)
	at org.springframework.boot.SpringApplication.run(SpringApplication.java:1343)
	at com.gig.collide.CollideAllApplication.main(CollideAllApplication.java:27)
2025-08-18 22:02:52.300 [main] ERROR org.springframework.boot.SpringApplication - Application run failed
java.lang.IllegalArgumentException: Invalid value type for attribute 'factoryBeanObjectType': java.lang.String
	at org.springframework.beans.factory.support.FactoryBeanRegistrySupport.getTypeForFactoryBeanFromAttributes(FactoryBeanRegistrySupport.java:86)
	at org.springframework.beans.factory.support.AbstractAutowireCapableBeanFactory.getTypeForFactoryBean(AbstractAutowireCapableBeanFactory.java:836)
	at org.springframework.beans.factory.support.AbstractBeanFactory.isTypeMatch(AbstractBeanFactory.java:620)
	at org.springframework.beans.factory.support.DefaultListableBeanFactory.doGetBeanNamesForType(DefaultListableBeanFactory.java:575)
	at org.springframework.beans.factory.support.DefaultListableBeanFactory.getBeanNamesForType(DefaultListableBeanFactory.java:534)
	at org.springframework.context.support.PostProcessorRegistrationDelegate.invokeBeanFactoryPostProcessors(PostProcessorRegistrationDelegate.java:138)
	at org.springframework.context.support.AbstractApplicationContext.invokeBeanFactoryPostProcessors(AbstractApplicationContext.java:788)
	at org.springframework.context.support.AbstractApplicationContext.refresh(AbstractApplicationContext.java:606)
	at org.springframework.boot.web.servlet.context.ServletWebServerApplicationContext.refresh(ServletWebServerApplicationContext.java:146)
	at org.springframework.boot.SpringApplication.refresh(SpringApplication.java:754)
	at org.springframework.boot.SpringApplication.refreshContext(SpringApplication.java:456)
	at org.springframework.boot.SpringApplication.run(SpringApplication.java:334)
	at org.springframework.boot.SpringApplication.run(SpringApplication.java:1354)
	at org.springframework.boot.SpringApplication.run(SpringApplication.java:1343)
	at com.gig.collide.CollideAllApplication.main(CollideAllApplication.java:27)
2025-08-18 22:07:30.428 [main] ERROR org.springframework.boot.SpringApplication - Application run failed
java.lang.IllegalArgumentException: Invalid value type for attribute 'factoryBeanObjectType': java.lang.String
	at org.springframework.beans.factory.support.FactoryBeanRegistrySupport.getTypeForFactoryBeanFromAttributes(FactoryBeanRegistrySupport.java:86)
	at org.springframework.beans.factory.support.AbstractAutowireCapableBeanFactory.getTypeForFactoryBean(AbstractAutowireCapableBeanFactory.java:836)
	at org.springframework.beans.factory.support.AbstractBeanFactory.isTypeMatch(AbstractBeanFactory.java:620)
	at org.springframework.beans.factory.support.DefaultListableBeanFactory.doGetBeanNamesForType(DefaultListableBeanFactory.java:575)
	at org.springframework.beans.factory.support.DefaultListableBeanFactory.getBeanNamesForType(DefaultListableBeanFactory.java:534)
	at org.springframework.context.support.PostProcessorRegistrationDelegate.invokeBeanFactoryPostProcessors(PostProcessorRegistrationDelegate.java:138)
	at org.springframework.context.support.AbstractApplicationContext.invokeBeanFactoryPostProcessors(AbstractApplicationContext.java:788)
	at org.springframework.context.support.AbstractApplicationContext.refresh(AbstractApplicationContext.java:606)
	at org.springframework.boot.web.servlet.context.ServletWebServerApplicationContext.refresh(ServletWebServerApplicationContext.java:146)
	at org.springframework.boot.SpringApplication.refresh(SpringApplication.java:754)
	at org.springframework.boot.SpringApplication.refreshContext(SpringApplication.java:456)
	at org.springframework.boot.SpringApplication.run(SpringApplication.java:334)
	at org.springframework.boot.SpringApplication.run(SpringApplication.java:1354)
	at org.springframework.boot.SpringApplication.run(SpringApplication.java:1343)
	at com.gig.collide.CollideAllApplication.main(CollideAllApplication.java:27)
2025-08-18 22:07:35.337 [main] ERROR org.springframework.boot.SpringApplication - Application run failed
java.lang.IllegalArgumentException: Invalid value type for attribute 'factoryBeanObjectType': java.lang.String
	at org.springframework.beans.factory.support.FactoryBeanRegistrySupport.getTypeForFactoryBeanFromAttributes(FactoryBeanRegistrySupport.java:86)
	at org.springframework.beans.factory.support.AbstractAutowireCapableBeanFactory.getTypeForFactoryBean(AbstractAutowireCapableBeanFactory.java:836)
	at org.springframework.beans.factory.support.AbstractBeanFactory.isTypeMatch(AbstractBeanFactory.java:620)
	at org.springframework.beans.factory.support.DefaultListableBeanFactory.doGetBeanNamesForType(DefaultListableBeanFactory.java:575)
	at org.springframework.beans.factory.support.DefaultListableBeanFactory.getBeanNamesForType(DefaultListableBeanFactory.java:534)
	at org.springframework.context.support.PostProcessorRegistrationDelegate.invokeBeanFactoryPostProcessors(PostProcessorRegistrationDelegate.java:138)
	at org.springframework.context.support.AbstractApplicationContext.invokeBeanFactoryPostProcessors(AbstractApplicationContext.java:788)
	at org.springframework.context.support.AbstractApplicationContext.refresh(AbstractApplicationContext.java:606)
	at org.springframework.boot.web.servlet.context.ServletWebServerApplicationContext.refresh(ServletWebServerApplicationContext.java:146)
	at org.springframework.boot.SpringApplication.refresh(SpringApplication.java:754)
	at org.springframework.boot.SpringApplication.refreshContext(SpringApplication.java:456)
	at org.springframework.boot.SpringApplication.run(SpringApplication.java:334)
	at org.springframework.boot.SpringApplication.run(SpringApplication.java:1354)
	at org.springframework.boot.SpringApplication.run(SpringApplication.java:1343)
	at com.gig.collide.CollideAllApplication.main(CollideAllApplication.java:27)
2025-08-18 22:09:11.823 [main] ERROR org.springframework.boot.SpringApplication - Application run failed
java.lang.IllegalArgumentException: Invalid value type for attribute 'factoryBeanObjectType': java.lang.String
	at org.springframework.beans.factory.support.FactoryBeanRegistrySupport.getTypeForFactoryBeanFromAttributes(FactoryBeanRegistrySupport.java:86)
	at org.springframework.beans.factory.support.AbstractAutowireCapableBeanFactory.getTypeForFactoryBean(AbstractAutowireCapableBeanFactory.java:836)
	at org.springframework.beans.factory.support.AbstractBeanFactory.isTypeMatch(AbstractBeanFactory.java:620)
	at org.springframework.beans.factory.support.DefaultListableBeanFactory.doGetBeanNamesForType(DefaultListableBeanFactory.java:575)
	at org.springframework.beans.factory.support.DefaultListableBeanFactory.getBeanNamesForType(DefaultListableBeanFactory.java:534)
	at org.springframework.context.support.PostProcessorRegistrationDelegate.invokeBeanFactoryPostProcessors(PostProcessorRegistrationDelegate.java:138)
	at org.springframework.context.support.AbstractApplicationContext.invokeBeanFactoryPostProcessors(AbstractApplicationContext.java:788)
	at org.springframework.context.support.AbstractApplicationContext.refresh(AbstractApplicationContext.java:606)
	at org.springframework.boot.web.servlet.context.ServletWebServerApplicationContext.refresh(ServletWebServerApplicationContext.java:146)
	at org.springframework.boot.SpringApplication.refresh(SpringApplication.java:754)
	at org.springframework.boot.SpringApplication.refreshContext(SpringApplication.java:456)
	at org.springframework.boot.SpringApplication.run(SpringApplication.java:334)
	at org.springframework.boot.SpringApplication.run(SpringApplication.java:1354)
	at org.springframework.boot.SpringApplication.run(SpringApplication.java:1343)
	at com.gig.collide.CollideAllApplication.main(CollideAllApplication.java:27)
2025-08-18 22:11:40.579 [main] ERROR org.springframework.boot.SpringApplication - Application run failed
java.lang.IllegalArgumentException: Invalid value type for attribute 'factoryBeanObjectType': java.lang.String
	at org.springframework.beans.factory.support.FactoryBeanRegistrySupport.getTypeForFactoryBeanFromAttributes(FactoryBeanRegistrySupport.java:86)
	at org.springframework.beans.factory.support.AbstractAutowireCapableBeanFactory.getTypeForFactoryBean(AbstractAutowireCapableBeanFactory.java:836)
	at org.springframework.beans.factory.support.AbstractBeanFactory.isTypeMatch(AbstractBeanFactory.java:620)
	at org.springframework.beans.factory.support.DefaultListableBeanFactory.doGetBeanNamesForType(DefaultListableBeanFactory.java:575)
	at org.springframework.beans.factory.support.DefaultListableBeanFactory.getBeanNamesForType(DefaultListableBeanFactory.java:534)
	at org.springframework.context.support.PostProcessorRegistrationDelegate.invokeBeanFactoryPostProcessors(PostProcessorRegistrationDelegate.java:138)
	at org.springframework.context.support.AbstractApplicationContext.invokeBeanFactoryPostProcessors(AbstractApplicationContext.java:788)
	at org.springframework.context.support.AbstractApplicationContext.refresh(AbstractApplicationContext.java:606)
	at org.springframework.boot.web.servlet.context.ServletWebServerApplicationContext.refresh(ServletWebServerApplicationContext.java:146)
	at org.springframework.boot.SpringApplication.refresh(SpringApplication.java:754)
	at org.springframework.boot.SpringApplication.refreshContext(SpringApplication.java:456)
	at org.springframework.boot.SpringApplication.run(SpringApplication.java:334)
	at org.springframework.boot.SpringApplication.run(SpringApplication.java:1354)
	at org.springframework.boot.SpringApplication.run(SpringApplication.java:1343)
	at com.gig.collide.CollideAllApplication.main(CollideAllApplication.java:27)
2025-08-18 22:13:58.231 [main] ERROR org.springframework.boot.SpringApplication - Application run failed
java.lang.IllegalArgumentException: Invalid value type for attribute 'factoryBeanObjectType': java.lang.String
	at org.springframework.beans.factory.support.FactoryBeanRegistrySupport.getTypeForFactoryBeanFromAttributes(FactoryBeanRegistrySupport.java:86)
	at org.springframework.beans.factory.support.AbstractAutowireCapableBeanFactory.getTypeForFactoryBean(AbstractAutowireCapableBeanFactory.java:836)
	at org.springframework.beans.factory.support.AbstractBeanFactory.isTypeMatch(AbstractBeanFactory.java:620)
	at org.springframework.beans.factory.support.DefaultListableBeanFactory.doGetBeanNamesForType(DefaultListableBeanFactory.java:575)
	at org.springframework.beans.factory.support.DefaultListableBeanFactory.getBeanNamesForType(DefaultListableBeanFactory.java:534)
	at org.springframework.context.support.PostProcessorRegistrationDelegate.invokeBeanFactoryPostProcessors(PostProcessorRegistrationDelegate.java:138)
	at org.springframework.context.support.AbstractApplicationContext.invokeBeanFactoryPostProcessors(AbstractApplicationContext.java:788)
	at org.springframework.context.support.AbstractApplicationContext.refresh(AbstractApplicationContext.java:606)
	at org.springframework.boot.web.servlet.context.ServletWebServerApplicationContext.refresh(ServletWebServerApplicationContext.java:146)
	at org.springframework.boot.SpringApplication.refresh(SpringApplication.java:754)
	at org.springframework.boot.SpringApplication.refreshContext(SpringApplication.java:456)
	at org.springframework.boot.SpringApplication.run(SpringApplication.java:334)
	at org.springframework.boot.SpringApplication.run(SpringApplication.java:1354)
	at org.springframework.boot.SpringApplication.run(SpringApplication.java:1343)
	at com.gig.collide.CollideAllApplication.main(CollideAllApplication.java:27)
2025-08-18 22:14:04.073 [main] ERROR org.springframework.boot.SpringApplication - Application run failed
java.lang.IllegalArgumentException: Invalid value type for attribute 'factoryBeanObjectType': java.lang.String
	at org.springframework.beans.factory.support.FactoryBeanRegistrySupport.getTypeForFactoryBeanFromAttributes(FactoryBeanRegistrySupport.java:86)
	at org.springframework.beans.factory.support.AbstractAutowireCapableBeanFactory.getTypeForFactoryBean(AbstractAutowireCapableBeanFactory.java:836)
	at org.springframework.beans.factory.support.AbstractBeanFactory.isTypeMatch(AbstractBeanFactory.java:620)
	at org.springframework.beans.factory.support.DefaultListableBeanFactory.doGetBeanNamesForType(DefaultListableBeanFactory.java:575)
	at org.springframework.beans.factory.support.DefaultListableBeanFactory.getBeanNamesForType(DefaultListableBeanFactory.java:534)
	at org.springframework.context.support.PostProcessorRegistrationDelegate.invokeBeanFactoryPostProcessors(PostProcessorRegistrationDelegate.java:138)
	at org.springframework.context.support.AbstractApplicationContext.invokeBeanFactoryPostProcessors(AbstractApplicationContext.java:788)
	at org.springframework.context.support.AbstractApplicationContext.refresh(AbstractApplicationContext.java:606)
	at org.springframework.boot.web.servlet.context.ServletWebServerApplicationContext.refresh(ServletWebServerApplicationContext.java:146)
	at org.springframework.boot.SpringApplication.refresh(SpringApplication.java:754)
	at org.springframework.boot.SpringApplication.refreshContext(SpringApplication.java:456)
	at org.springframework.boot.SpringApplication.run(SpringApplication.java:334)
	at org.springframework.boot.SpringApplication.run(SpringApplication.java:1354)
	at org.springframework.boot.SpringApplication.run(SpringApplication.java:1343)
	at com.gig.collide.CollideAllApplication.main(CollideAllApplication.java:27)
2025-08-18 22:16:57.978 [main] ERROR org.springframework.boot.SpringApplication - Application run failed
java.lang.IllegalArgumentException: Invalid value type for attribute 'factoryBeanObjectType': java.lang.String
	at org.springframework.beans.factory.support.FactoryBeanRegistrySupport.getTypeForFactoryBeanFromAttributes(FactoryBeanRegistrySupport.java:86)
	at org.springframework.beans.factory.support.AbstractAutowireCapableBeanFactory.getTypeForFactoryBean(AbstractAutowireCapableBeanFactory.java:836)
	at org.springframework.beans.factory.support.AbstractBeanFactory.isTypeMatch(AbstractBeanFactory.java:620)
	at org.springframework.beans.factory.support.DefaultListableBeanFactory.doGetBeanNamesForType(DefaultListableBeanFactory.java:575)
	at org.springframework.beans.factory.support.DefaultListableBeanFactory.getBeanNamesForType(DefaultListableBeanFactory.java:534)
	at org.springframework.context.support.PostProcessorRegistrationDelegate.invokeBeanFactoryPostProcessors(PostProcessorRegistrationDelegate.java:138)
	at org.springframework.context.support.AbstractApplicationContext.invokeBeanFactoryPostProcessors(AbstractApplicationContext.java:788)
	at org.springframework.context.support.AbstractApplicationContext.refresh(AbstractApplicationContext.java:606)
	at org.springframework.boot.web.servlet.context.ServletWebServerApplicationContext.refresh(ServletWebServerApplicationContext.java:146)
	at org.springframework.boot.SpringApplication.refresh(SpringApplication.java:754)
	at org.springframework.boot.SpringApplication.refreshContext(SpringApplication.java:456)
	at org.springframework.boot.SpringApplication.run(SpringApplication.java:334)
	at org.springframework.boot.SpringApplication.run(SpringApplication.java:1354)
	at org.springframework.boot.SpringApplication.run(SpringApplication.java:1343)
	at com.gig.collide.CollideAllApplication.main(CollideAllApplication.java:27)
2025-08-18 22:18:06.947 [main] ERROR o.s.b.diagnostics.LoggingFailureAnalysisReporter - 

***************************
APPLICATION FAILED TO START
***************************

Description:

Failed to bind properties under 'spring.datasource.type' to java.lang.Class<javax.sql.DataSource>:

    Property: spring.datasource.type
    Value: "com.alibaba.druid.pool.DruidDataSource"
    Origin: class path resource [application.yml] - 12:11
    Reason: failed to convert java.lang.String to java.lang.Class<javax.sql.DataSource> (caused by java.lang.ClassNotFoundException: com.alibaba.druid.pool.DruidDataSource)

Action:

Update your application's configuration

2025-08-18 22:19:58.735 [main] ERROR com.alibaba.druid.pool.DruidDataSource - testWhileIdle is true, validationQuery not set
2025-08-18 22:19:59.167 [main] ERROR c.baomidou.mybatisplus.core.MybatisConfiguration - mapper[com.gig.collide.mapper.AdMapper.findByAdType] is ignored, because it exists, maybe from xml file
2025-08-18 22:19:59.167 [main] ERROR c.baomidou.mybatisplus.core.MybatisConfiguration - mapper[com.gig.collide.mapper.AdMapper.findRandomByAdType] is ignored, because it exists, maybe from xml file
2025-08-18 22:19:59.487 [main] ERROR o.s.b.diagnostics.LoggingFailureAnalysisReporter - 

***************************
APPLICATION FAILED TO START
***************************

Description:

Parameter 1 of constructor in com.gig.collide.controller.AdsController required a bean of type 'com.gig.collide.Apientry.api.ads.AdsFacadeService' that could not be found.


Action:

Consider defining a bean of type 'com.gig.collide.Apientry.api.ads.AdsFacadeService' in your configuration.

2025-08-18 22:20:49.866 [main] ERROR com.alibaba.druid.pool.DruidDataSource - testWhileIdle is true, validationQuery not set
2025-08-18 22:20:50.302 [main] ERROR c.baomidou.mybatisplus.core.MybatisConfiguration - mapper[com.gig.collide.mapper.AdMapper.findRandomByAdType] is ignored, because it exists, maybe from xml file
2025-08-18 22:20:50.302 [main] ERROR c.baomidou.mybatisplus.core.MybatisConfiguration - mapper[com.gig.collide.mapper.AdMapper.findByAdType] is ignored, because it exists, maybe from xml file
2025-08-18 22:20:50.675 [main] ERROR o.s.b.diagnostics.LoggingFailureAnalysisReporter - 

***************************
APPLICATION FAILED TO START
***************************

Description:

Parameter 1 of constructor in com.gig.collide.controller.CategoryController required a bean of type 'com.gig.collide.Apientry.api.category.CategoryFacadeService' that could not be found.


Action:

Consider defining a bean of type 'com.gig.collide.Apientry.api.category.CategoryFacadeService' in your configuration.

2025-08-18 22:21:14.076 [main] ERROR com.alibaba.druid.pool.DruidDataSource - testWhileIdle is true, validationQuery not set
2025-08-18 22:21:14.558 [main] ERROR c.baomidou.mybatisplus.core.MybatisConfiguration - mapper[com.gig.collide.mapper.AdMapper.findRandomByAdType] is ignored, because it exists, maybe from xml file
2025-08-18 22:21:14.559 [main] ERROR c.baomidou.mybatisplus.core.MybatisConfiguration - mapper[com.gig.collide.mapper.AdMapper.findByAdType] is ignored, because it exists, maybe from xml file
2025-08-18 22:21:14.987 [main] ERROR o.s.b.diagnostics.LoggingFailureAnalysisReporter - 

***************************
APPLICATION FAILED TO START
***************************

Description:

Parameter 1 of constructor in com.gig.collide.controller.CommentController required a bean of type 'com.gig.collide.Apientry.api.comment.CommentFacadeService' that could not be found.


Action:

Consider defining a bean of type 'com.gig.collide.Apientry.api.comment.CommentFacadeService' in your configuration.

2025-08-18 22:21:44.343 [main] ERROR com.alibaba.druid.pool.DruidDataSource - testWhileIdle is true, validationQuery not set
2025-08-18 22:21:44.765 [main] ERROR c.baomidou.mybatisplus.core.MybatisConfiguration - mapper[com.gig.collide.mapper.AdMapper.findByAdType] is ignored, because it exists, maybe from xml file
2025-08-18 22:21:44.766 [main] ERROR c.baomidou.mybatisplus.core.MybatisConfiguration - mapper[com.gig.collide.mapper.AdMapper.findRandomByAdType] is ignored, because it exists, maybe from xml file
2025-08-18 22:21:45.169 [main] ERROR o.s.b.diagnostics.LoggingFailureAnalysisReporter - 

***************************
APPLICATION FAILED TO START
***************************

Description:

Parameter 1 of constructor in com.gig.collide.controller.ContentChapterController required a bean of type 'com.gig.collide.Apientry.api.content.ContentChapterFacadeService' that could not be found.


Action:

Consider defining a bean of type 'com.gig.collide.Apientry.api.content.ContentChapterFacadeService' in your configuration.

2025-08-18 22:22:14.054 [main] ERROR com.alibaba.druid.pool.DruidDataSource - testWhileIdle is true, validationQuery not set
2025-08-18 22:22:14.484 [main] ERROR c.baomidou.mybatisplus.core.MybatisConfiguration - mapper[com.gig.collide.mapper.AdMapper.findByAdType] is ignored, because it exists, maybe from xml file
2025-08-18 22:22:14.484 [main] ERROR c.baomidou.mybatisplus.core.MybatisConfiguration - mapper[com.gig.collide.mapper.AdMapper.findRandomByAdType] is ignored, because it exists, maybe from xml file
2025-08-18 22:22:14.902 [main] ERROR o.s.b.diagnostics.LoggingFailureAnalysisReporter - 

***************************
APPLICATION FAILED TO START
***************************

Description:

Parameter 1 of constructor in com.gig.collide.controller.ContentController required a bean of type 'com.gig.collide.Apientry.api.content.ContentFacadeService' that could not be found.


Action:

Consider defining a bean of type 'com.gig.collide.Apientry.api.content.ContentFacadeService' in your configuration.

2025-08-18 22:22:32.616 [main] ERROR com.alibaba.druid.pool.DruidDataSource - testWhileIdle is true, validationQuery not set
2025-08-18 22:22:33.043 [main] ERROR c.baomidou.mybatisplus.core.MybatisConfiguration - mapper[com.gig.collide.mapper.AdMapper.findByAdType] is ignored, because it exists, maybe from xml file
2025-08-18 22:22:33.044 [main] ERROR c.baomidou.mybatisplus.core.MybatisConfiguration - mapper[com.gig.collide.mapper.AdMapper.findRandomByAdType] is ignored, because it exists, maybe from xml file
2025-08-18 22:22:33.486 [main] ERROR o.s.b.diagnostics.LoggingFailureAnalysisReporter - 

***************************
APPLICATION FAILED TO START
***************************

Description:

Parameter 0 of constructor in com.gig.collide.controller.ContentPaymentController required a bean of type 'com.gig.collide.Apientry.api.content.ContentPaymentFacadeService' that could not be found.


Action:

Consider defining a bean of type 'com.gig.collide.Apientry.api.content.ContentPaymentFacadeService' in your configuration.

2025-08-18 22:23:03.456 [main] ERROR com.alibaba.druid.pool.DruidDataSource - testWhileIdle is true, validationQuery not set
2025-08-18 22:23:03.877 [main] ERROR c.baomidou.mybatisplus.core.MybatisConfiguration - mapper[com.gig.collide.mapper.AdMapper.findByAdType] is ignored, because it exists, maybe from xml file
2025-08-18 22:23:03.877 [main] ERROR c.baomidou.mybatisplus.core.MybatisConfiguration - mapper[com.gig.collide.mapper.AdMapper.findRandomByAdType] is ignored, because it exists, maybe from xml file
2025-08-18 22:23:04.288 [main] ERROR o.s.b.diagnostics.LoggingFailureAnalysisReporter - 

***************************
APPLICATION FAILED TO START
***************************

Description:

Parameter 0 of constructor in com.gig.collide.controller.ContentPaymentController required a bean of type 'com.gig.collide.Apientry.api.content.ContentPaymentFacadeService' that could not be found.


Action:

Consider defining a bean of type 'com.gig.collide.Apientry.api.content.ContentPaymentFacadeService' in your configuration.

2025-08-18 22:24:09.851 [main] ERROR com.alibaba.druid.pool.DruidDataSource - testWhileIdle is true, validationQuery not set
2025-08-18 22:24:10.269 [main] ERROR c.baomidou.mybatisplus.core.MybatisConfiguration - mapper[com.gig.collide.mapper.AdMapper.findRandomByAdType] is ignored, because it exists, maybe from xml file
2025-08-18 22:24:10.269 [main] ERROR c.baomidou.mybatisplus.core.MybatisConfiguration - mapper[com.gig.collide.mapper.AdMapper.findByAdType] is ignored, because it exists, maybe from xml file
2025-08-18 22:24:10.652 [main] ERROR o.s.b.diagnostics.LoggingFailureAnalysisReporter - 

***************************
APPLICATION FAILED TO START
***************************

Description:

Parameter 0 of constructor in com.gig.collide.controller.ContentPaymentController required a bean of type 'com.gig.collide.Apientry.api.content.ContentPaymentFacadeService' that could not be found.


Action:

Consider defining a bean of type 'com.gig.collide.Apientry.api.content.ContentPaymentFacadeService' in your configuration.

2025-08-18 22:24:22.011 [main] ERROR com.alibaba.druid.pool.DruidDataSource - testWhileIdle is true, validationQuery not set
2025-08-18 22:24:22.439 [main] ERROR c.baomidou.mybatisplus.core.MybatisConfiguration - mapper[com.gig.collide.mapper.AdMapper.findRandomByAdType] is ignored, because it exists, maybe from xml file
2025-08-18 22:24:22.439 [main] ERROR c.baomidou.mybatisplus.core.MybatisConfiguration - mapper[com.gig.collide.mapper.AdMapper.findByAdType] is ignored, because it exists, maybe from xml file
2025-08-18 22:24:22.878 [main] ERROR o.s.b.diagnostics.LoggingFailureAnalysisReporter - 

***************************
APPLICATION FAILED TO START
***************************

Description:

Parameter 1 of constructor in com.gig.collide.controller.ContentTagController required a bean of type 'com.gig.collide.Apientry.api.tag.ContentTagFacadeService' that could not be found.


Action:

Consider defining a bean of type 'com.gig.collide.Apientry.api.tag.ContentTagFacadeService' in your configuration.

2025-08-18 22:24:41.335 [main] ERROR com.alibaba.druid.pool.DruidDataSource - testWhileIdle is true, validationQuery not set
2025-08-18 22:24:41.794 [main] ERROR c.baomidou.mybatisplus.core.MybatisConfiguration - mapper[com.gig.collide.mapper.AdMapper.findByAdType] is ignored, because it exists, maybe from xml file
2025-08-18 22:24:41.794 [main] ERROR c.baomidou.mybatisplus.core.MybatisConfiguration - mapper[com.gig.collide.mapper.AdMapper.findRandomByAdType] is ignored, because it exists, maybe from xml file
2025-08-18 22:24:42.257 [main] ERROR o.s.b.diagnostics.LoggingFailureAnalysisReporter - 

***************************
APPLICATION FAILED TO START
***************************

Description:

Parameter 1 of constructor in com.gig.collide.controller.FollowController required a bean of type 'com.gig.collide.Apientry.api.follow.FollowFacadeService' that could not be found.


Action:

Consider defining a bean of type 'com.gig.collide.Apientry.api.follow.FollowFacadeService' in your configuration.

2025-08-18 22:25:05.876 [main] ERROR com.alibaba.druid.pool.DruidDataSource - testWhileIdle is true, validationQuery not set
2025-08-18 22:25:06.315 [main] ERROR c.baomidou.mybatisplus.core.MybatisConfiguration - mapper[com.gig.collide.mapper.AdMapper.findByAdType] is ignored, because it exists, maybe from xml file
2025-08-18 22:25:06.315 [main] ERROR c.baomidou.mybatisplus.core.MybatisConfiguration - mapper[com.gig.collide.mapper.AdMapper.findRandomByAdType] is ignored, because it exists, maybe from xml file
2025-08-18 22:25:06.773 [main] ERROR o.s.b.diagnostics.LoggingFailureAnalysisReporter - 

***************************
APPLICATION FAILED TO START
***************************

Description:

Parameter 0 of constructor in com.gig.collide.controller.GoodsController required a bean of type 'com.gig.collide.Apientry.api.goods.GoodsFacadeService' that could not be found.


Action:

Consider defining a bean of type 'com.gig.collide.Apientry.api.goods.GoodsFacadeService' in your configuration.

2025-08-18 22:25:43.669 [main] ERROR com.alibaba.druid.pool.DruidDataSource - testWhileIdle is true, validationQuery not set
2025-08-18 22:25:44.088 [main] ERROR c.baomidou.mybatisplus.core.MybatisConfiguration - mapper[com.gig.collide.mapper.AdMapper.findRandomByAdType] is ignored, because it exists, maybe from xml file
2025-08-18 22:25:44.088 [main] ERROR c.baomidou.mybatisplus.core.MybatisConfiguration - mapper[com.gig.collide.mapper.AdMapper.findByAdType] is ignored, because it exists, maybe from xml file
2025-08-18 22:25:44.724 [main] ERROR o.s.b.diagnostics.LoggingFailureAnalysisReporter - 

***************************
APPLICATION FAILED TO START
***************************

Description:

Parameter 1 of constructor in com.gig.collide.controller.LikeController required a bean of type 'com.gig.collide.Apientry.api.like.LikeFacadeService' that could not be found.


Action:

Consider defining a bean of type 'com.gig.collide.Apientry.api.like.LikeFacadeService' in your configuration.

2025-08-18 22:26:11.680 [main] ERROR com.alibaba.druid.pool.DruidDataSource - testWhileIdle is true, validationQuery not set
2025-08-18 22:26:12.104 [main] ERROR c.baomidou.mybatisplus.core.MybatisConfiguration - mapper[com.gig.collide.mapper.AdMapper.findRandomByAdType] is ignored, because it exists, maybe from xml file
2025-08-18 22:26:12.105 [main] ERROR c.baomidou.mybatisplus.core.MybatisConfiguration - mapper[com.gig.collide.mapper.AdMapper.findByAdType] is ignored, because it exists, maybe from xml file
2025-08-18 22:26:12.761 [main] ERROR o.s.b.diagnostics.LoggingFailureAnalysisReporter - 

***************************
APPLICATION FAILED TO START
***************************

Description:

Parameter 0 of constructor in com.gig.collide.controller.MessageController required a bean of type 'com.gig.collide.Apientry.api.message.MessageFacadeService' that could not be found.


Action:

Consider defining a bean of type 'com.gig.collide.Apientry.api.message.MessageFacadeService' in your configuration.

2025-08-18 22:26:25.677 [main] ERROR com.alibaba.druid.pool.DruidDataSource - testWhileIdle is true, validationQuery not set
2025-08-18 22:26:26.105 [main] ERROR c.baomidou.mybatisplus.core.MybatisConfiguration - mapper[com.gig.collide.mapper.AdMapper.findRandomByAdType] is ignored, because it exists, maybe from xml file
2025-08-18 22:26:26.105 [main] ERROR c.baomidou.mybatisplus.core.MybatisConfiguration - mapper[com.gig.collide.mapper.AdMapper.findByAdType] is ignored, because it exists, maybe from xml file
2025-08-18 22:26:26.780 [main] ERROR o.s.b.diagnostics.LoggingFailureAnalysisReporter - 

***************************
APPLICATION FAILED TO START
***************************

Description:

Parameter 1 of constructor in com.gig.collide.controller.MessageSettingController required a bean of type 'com.gig.collide.Apientry.api.message.MessageSettingFacadeService' that could not be found.


Action:

Consider defining a bean of type 'com.gig.collide.Apientry.api.message.MessageSettingFacadeService' in your configuration.

2025-08-18 22:26:40.928 [main] ERROR com.alibaba.druid.pool.DruidDataSource - testWhileIdle is true, validationQuery not set
2025-08-18 22:26:41.401 [main] ERROR c.baomidou.mybatisplus.core.MybatisConfiguration - mapper[com.gig.collide.mapper.AdMapper.findRandomByAdType] is ignored, because it exists, maybe from xml file
2025-08-18 22:26:41.402 [main] ERROR c.baomidou.mybatisplus.core.MybatisConfiguration - mapper[com.gig.collide.mapper.AdMapper.findByAdType] is ignored, because it exists, maybe from xml file
2025-08-18 22:26:42.110 [main] ERROR o.s.b.diagnostics.LoggingFailureAnalysisReporter - 

***************************
APPLICATION FAILED TO START
***************************

Description:

Field paymentFacadeService in com.gig.collide.controller.PaymentController required a bean of type 'com.gig.collide.Apientry.api.payment.PaymentFacadeService' that could not be found.

The injection point has the following annotations:
	- @org.springframework.beans.factory.annotation.Autowired(required=true)


Action:

Consider defining a bean of type 'com.gig.collide.Apientry.api.payment.PaymentFacadeService' in your configuration.

2025-08-18 22:26:58.981 [main] ERROR com.alibaba.druid.pool.DruidDataSource - testWhileIdle is true, validationQuery not set
2025-08-18 22:26:59.406 [main] ERROR c.baomidou.mybatisplus.core.MybatisConfiguration - mapper[com.gig.collide.mapper.AdMapper.findByAdType] is ignored, because it exists, maybe from xml file
2025-08-18 22:26:59.407 [main] ERROR c.baomidou.mybatisplus.core.MybatisConfiguration - mapper[com.gig.collide.mapper.AdMapper.findRandomByAdType] is ignored, because it exists, maybe from xml file
2025-08-18 22:27:00.162 [main] ERROR o.s.b.diagnostics.LoggingFailureAnalysisReporter - 

***************************
APPLICATION FAILED TO START
***************************

Description:

Parameter 1 of constructor in com.gig.collide.controller.TagController required a bean of type 'com.gig.collide.Apientry.api.tag.TagFacadeService' that could not be found.


Action:

Consider defining a bean of type 'com.gig.collide.Apientry.api.tag.TagFacadeService' in your configuration.

2025-08-18 22:27:13.609 [main] ERROR com.alibaba.druid.pool.DruidDataSource - testWhileIdle is true, validationQuery not set
2025-08-18 22:27:14.028 [main] ERROR c.baomidou.mybatisplus.core.MybatisConfiguration - mapper[com.gig.collide.mapper.AdMapper.findByAdType] is ignored, because it exists, maybe from xml file
2025-08-18 22:27:14.028 [main] ERROR c.baomidou.mybatisplus.core.MybatisConfiguration - mapper[com.gig.collide.mapper.AdMapper.findRandomByAdType] is ignored, because it exists, maybe from xml file
2025-08-18 22:27:14.786 [main] ERROR o.s.b.diagnostics.LoggingFailureAnalysisReporter - 

***************************
APPLICATION FAILED TO START
***************************

Description:

Parameter 0 of constructor in com.gig.collide.controller.UserInterestTagController required a bean of type 'com.gig.collide.Apientry.api.tag.UserInterestTagFacadeService' that could not be found.


Action:

Consider defining a bean of type 'com.gig.collide.Apientry.api.tag.UserInterestTagFacadeService' in your configuration.

2025-08-18 22:27:31.089 [main] ERROR com.alibaba.druid.pool.DruidDataSource - testWhileIdle is true, validationQuery not set
2025-08-18 22:27:31.517 [main] ERROR c.baomidou.mybatisplus.core.MybatisConfiguration - mapper[com.gig.collide.mapper.AdMapper.findByAdType] is ignored, because it exists, maybe from xml file
2025-08-18 22:27:31.517 [main] ERROR c.baomidou.mybatisplus.core.MybatisConfiguration - mapper[com.gig.collide.mapper.AdMapper.findRandomByAdType] is ignored, because it exists, maybe from xml file
2025-08-18 22:28:08.514 [main] ERROR com.alibaba.druid.pool.DruidDataSource - testWhileIdle is true, validationQuery not set
2025-08-18 22:28:08.925 [main] ERROR c.baomidou.mybatisplus.core.MybatisConfiguration - mapper[com.gig.collide.mapper.AdMapper.findByAdType] is ignored, because it exists, maybe from xml file
2025-08-18 22:28:08.925 [main] ERROR c.baomidou.mybatisplus.core.MybatisConfiguration - mapper[com.gig.collide.mapper.AdMapper.findRandomByAdType] is ignored, because it exists, maybe from xml file
2025-08-18 22:29:11.520 [main] ERROR com.alibaba.druid.pool.DruidDataSource - testWhileIdle is true, validationQuery not set
2025-08-18 22:29:11.935 [main] ERROR c.baomidou.mybatisplus.core.MybatisConfiguration - mapper[com.gig.collide.mapper.AdMapper.findByAdType] is ignored, because it exists, maybe from xml file
2025-08-18 22:29:11.935 [main] ERROR c.baomidou.mybatisplus.core.MybatisConfiguration - mapper[com.gig.collide.mapper.AdMapper.findRandomByAdType] is ignored, because it exists, maybe from xml file
